[debug] [2024-05-10T13:05:49.753Z] ----------------------------------------------------------------------
[debug] [2024-05-10T13:05:49.757Z] Command:       C:\Program Files\nodejs\node.exe C:\Users\Radu.Popescu\AppData\Roaming\npm\node_modules\firebase-tools\lib\bin\firebase.js deploy --only functions:sendConfirmationEmails
[debug] [2024-05-10T13:05:49.758Z] CLI Version:   13.5.1
[debug] [2024-05-10T13:05:49.759Z] Platform:      win32
[debug] [2024-05-10T13:05:49.759Z] Node Version:  v18.18.1
[debug] [2024-05-10T13:05:49.760Z] Time:          Fri May 10 2024 16:05:49 GMT+0300 (Ora de vară a Europei de Est)
[debug] [2024-05-10T13:05:49.760Z] ----------------------------------------------------------------------
[debug] 
[debug] [2024-05-10T13:05:49.847Z] > command requires scopes: ["email","openid","https://www.googleapis.com/auth/cloudplatformprojects.readonly","https://www.googleapis.com/auth/firebase","https://www.googleapis.com/auth/cloud-platform"]
[debug] [2024-05-10T13:05:49.847Z] > authorizing via signed-in user (webdynamicx@gmail.com)
[debug] [2024-05-10T13:05:49.847Z] [iam] checking project portal-discountmd for permissions ["cloudfunctions.functions.create","cloudfunctions.functions.delete","cloudfunctions.functions.get","cloudfunctions.functions.list","cloudfunctions.functions.update","cloudfunctions.operations.get","firebase.projects.get"]
[debug] [2024-05-10T13:05:49.848Z] >>> [apiv2][query] POST https://cloudresourcemanager.googleapis.com/v1/projects/portal-discountmd:testIamPermissions [none]
[debug] [2024-05-10T13:05:49.849Z] >>> [apiv2][(partial)header] POST https://cloudresourcemanager.googleapis.com/v1/projects/portal-discountmd:testIamPermissions x-goog-quota-user=projects/portal-discountmd
[debug] [2024-05-10T13:05:49.849Z] >>> [apiv2][body] POST https://cloudresourcemanager.googleapis.com/v1/projects/portal-discountmd:testIamPermissions {"permissions":["cloudfunctions.functions.create","cloudfunctions.functions.delete","cloudfunctions.functions.get","cloudfunctions.functions.list","cloudfunctions.functions.update","cloudfunctions.operations.get","firebase.projects.get"]}
[debug] [2024-05-10T13:05:50.734Z] <<< [apiv2][status] POST https://cloudresourcemanager.googleapis.com/v1/projects/portal-discountmd:testIamPermissions 200
[debug] [2024-05-10T13:05:50.734Z] <<< [apiv2][body] POST https://cloudresourcemanager.googleapis.com/v1/projects/portal-discountmd:testIamPermissions {"permissions":["cloudfunctions.functions.create","cloudfunctions.functions.delete","cloudfunctions.functions.get","cloudfunctions.functions.list","cloudfunctions.functions.update","cloudfunctions.operations.get","firebase.projects.get"]}
[debug] [2024-05-10T13:05:50.735Z] >>> [apiv2][query] POST https://iam.googleapis.com/v1/projects/portal-discountmd/serviceAccounts/portal-discountmd@appspot.gserviceaccount.com:testIamPermissions [none]
[debug] [2024-05-10T13:05:50.736Z] >>> [apiv2][body] POST https://iam.googleapis.com/v1/projects/portal-discountmd/serviceAccounts/portal-discountmd@appspot.gserviceaccount.com:testIamPermissions {"permissions":["iam.serviceAccounts.actAs"]}
[debug] [2024-05-10T13:05:51.582Z] <<< [apiv2][status] POST https://iam.googleapis.com/v1/projects/portal-discountmd/serviceAccounts/portal-discountmd@appspot.gserviceaccount.com:testIamPermissions 200
[debug] [2024-05-10T13:05:51.582Z] <<< [apiv2][body] POST https://iam.googleapis.com/v1/projects/portal-discountmd/serviceAccounts/portal-discountmd@appspot.gserviceaccount.com:testIamPermissions {"permissions":["iam.serviceAccounts.actAs"]}
[info] 
[info] === Deploying to 'portal-discountmd'...
[info] 
[info] i  deploying functions 
[info] Running command: npm --prefix "$RESOURCE_DIR" run lint
[info] +  functions: Finished running predeploy script. 
[debug] [2024-05-10T13:05:52.689Z] >>> [apiv2][query] GET https://firebase.googleapis.com/v1beta1/projects/portal-discountmd [none]
[debug] [2024-05-10T13:05:53.103Z] <<< [apiv2][status] GET https://firebase.googleapis.com/v1beta1/projects/portal-discountmd 200
[debug] [2024-05-10T13:05:53.103Z] <<< [apiv2][body] GET https://firebase.googleapis.com/v1beta1/projects/portal-discountmd {"projectId":"portal-discountmd","projectNumber":"1006391583660","displayName":"Portal-DiscountMD","name":"projects/portal-discountmd","resources":{"hostingSite":"portal-discountmd","storageBucket":"portal-discountmd.appspot.com","locationId":"europe-west"},"state":"ACTIVE","etag":"1_b284296b-19a3-4bb1-be0a-113fbf9a4805"}
[info] i  functions: preparing codebase default for deployment 
[info] i  functions: ensuring required API cloudfunctions.googleapis.com is enabled... 
[info] i  functions: ensuring required API cloudbuild.googleapis.com is enabled... 
[info] i  artifactregistry: ensuring required API artifactregistry.googleapis.com is enabled... 
[debug] [2024-05-10T13:05:53.107Z] >>> [apiv2][query] GET https://serviceusage.googleapis.com/v1/projects/portal-discountmd/services/cloudfunctions.googleapis.com [none]
[debug] [2024-05-10T13:05:53.107Z] >>> [apiv2][(partial)header] GET https://serviceusage.googleapis.com/v1/projects/portal-discountmd/services/cloudfunctions.googleapis.com x-goog-quota-user=projects/portal-discountmd
[debug] [2024-05-10T13:05:53.109Z] >>> [apiv2][query] GET https://serviceusage.googleapis.com/v1/projects/portal-discountmd/services/runtimeconfig.googleapis.com [none]
[debug] [2024-05-10T13:05:53.109Z] >>> [apiv2][(partial)header] GET https://serviceusage.googleapis.com/v1/projects/portal-discountmd/services/runtimeconfig.googleapis.com x-goog-quota-user=projects/portal-discountmd
[debug] [2024-05-10T13:05:53.110Z] >>> [apiv2][query] GET https://serviceusage.googleapis.com/v1/projects/portal-discountmd/services/cloudbuild.googleapis.com [none]
[debug] [2024-05-10T13:05:53.111Z] >>> [apiv2][(partial)header] GET https://serviceusage.googleapis.com/v1/projects/portal-discountmd/services/cloudbuild.googleapis.com x-goog-quota-user=projects/portal-discountmd
[debug] [2024-05-10T13:05:53.112Z] >>> [apiv2][query] GET https://serviceusage.googleapis.com/v1/projects/portal-discountmd/services/artifactregistry.googleapis.com [none]
[debug] [2024-05-10T13:05:53.112Z] >>> [apiv2][(partial)header] GET https://serviceusage.googleapis.com/v1/projects/portal-discountmd/services/artifactregistry.googleapis.com x-goog-quota-user=projects/portal-discountmd
[debug] [2024-05-10T13:05:54.171Z] <<< [apiv2][status] GET https://serviceusage.googleapis.com/v1/projects/portal-discountmd/services/runtimeconfig.googleapis.com 200
[debug] [2024-05-10T13:05:54.171Z] <<< [apiv2][body] GET https://serviceusage.googleapis.com/v1/projects/portal-discountmd/services/runtimeconfig.googleapis.com [omitted]
[debug] [2024-05-10T13:05:54.174Z] <<< [apiv2][status] GET https://serviceusage.googleapis.com/v1/projects/portal-discountmd/services/cloudfunctions.googleapis.com 200
[debug] [2024-05-10T13:05:54.174Z] <<< [apiv2][body] GET https://serviceusage.googleapis.com/v1/projects/portal-discountmd/services/cloudfunctions.googleapis.com [omitted]
[info] +  functions: required API cloudfunctions.googleapis.com is enabled 
[debug] [2024-05-10T13:05:54.176Z] <<< [apiv2][status] GET https://serviceusage.googleapis.com/v1/projects/portal-discountmd/services/artifactregistry.googleapis.com 200
[debug] [2024-05-10T13:05:54.176Z] <<< [apiv2][body] GET https://serviceusage.googleapis.com/v1/projects/portal-discountmd/services/artifactregistry.googleapis.com [omitted]
[info] +  artifactregistry: required API artifactregistry.googleapis.com is enabled 
[debug] [2024-05-10T13:05:54.244Z] <<< [apiv2][status] GET https://serviceusage.googleapis.com/v1/projects/portal-discountmd/services/cloudbuild.googleapis.com 200
[debug] [2024-05-10T13:05:54.244Z] <<< [apiv2][body] GET https://serviceusage.googleapis.com/v1/projects/portal-discountmd/services/cloudbuild.googleapis.com [omitted]
[info] +  functions: required API cloudbuild.googleapis.com is enabled 
[debug] [2024-05-10T13:05:54.245Z] >>> [apiv2][query] GET https://firebase.googleapis.com/v1beta1/projects/portal-discountmd/adminSdkConfig [none]
[debug] [2024-05-10T13:05:54.810Z] <<< [apiv2][status] GET https://firebase.googleapis.com/v1beta1/projects/portal-discountmd/adminSdkConfig 200
[debug] [2024-05-10T13:05:54.811Z] <<< [apiv2][body] GET https://firebase.googleapis.com/v1beta1/projects/portal-discountmd/adminSdkConfig {"projectId":"portal-discountmd","storageBucket":"portal-discountmd.appspot.com","locationId":"europe-west"}
[debug] [2024-05-10T13:05:54.811Z] >>> [apiv2][query] GET https://runtimeconfig.googleapis.com/v1beta1/projects/portal-discountmd/configs [none]
[debug] [2024-05-10T13:05:55.093Z] <<< [apiv2][status] GET https://runtimeconfig.googleapis.com/v1beta1/projects/portal-discountmd/configs 200
[debug] [2024-05-10T13:05:55.093Z] <<< [apiv2][body] GET https://runtimeconfig.googleapis.com/v1beta1/projects/portal-discountmd/configs {}
[debug] [2024-05-10T13:05:55.095Z] Validating nodejs source
[warn] !  functions: package.json indicates an outdated version of firebase-functions. Please upgrade using npm install --save firebase-functions@latest in your functions directory. 
[warn] !  functions: Please note that there will be breaking changes when you upgrade. 
[debug] [2024-05-10T13:05:55.991Z] > [functions] package.json contents: {
  "name": "functions",
  "description": "Cloud Functions for Firebase",
  "scripts": {
    "lint": "eslint .",
    "serve": "firebase emulators:start --only functions",
    "shell": "firebase functions:shell",
    "start": "npm run shell",
    "deploy": "firebase deploy --only functions",
    "logs": "firebase functions:log"
  },
  "engines": {
    "node": "18"
  },
  "main": "index.js",
  "dependencies": {
    "firebase-admin": "^11.8.0",
    "firebase-functions": "^4.3.1",
    "nodemailer": "^6.9.13"
  },
  "devDependencies": {
    "eslint": "^8.15.0",
    "eslint-config-google": "^0.14.0",
    "firebase-functions-test": "^3.1.0"
  },
  "private": true
}
[debug] [2024-05-10T13:05:55.991Z] Building nodejs source
[info] i  functions: Loading and analyzing source code for codebase default to determine what to deploy 
[debug] [2024-05-10T13:05:55.992Z] Could not find functions.yaml. Must use http discovery
[debug] [2024-05-10T13:05:55.996Z] Found firebase-functions binary at 'D:\NextJs\Portal2\functions\node_modules\.bin\firebase-functions'
[info] Serving at port 8414

[debug] [2024-05-10T13:05:56.322Z] Got response from /__/functions.yaml {"endpoints":{"sendConfirmationEmails":{"platform":"gcfv1","availableMemoryMb":null,"timeoutSeconds":null,"minInstances":null,"maxInstances":null,"ingressSettings":null,"serviceAccountEmail":null,"vpc":null,"eventTrigger":{"eventType":"providers/cloud.firestore/eventTypes/document.update","eventFilters":{"resource":"projects/portal-discountmd/databases/(default)/documents/Users/{userId}/OferteÎnregistrate/{offerId}"},"retry":false},"labels":{},"entryPoint":"sendConfirmationEmails"}},"specVersion":"v1alpha1","requiredAPIs":[]}
[info] i  functions: preparing functions directory for uploading... 
[info] i  functions: packaged D:\NextJs\Portal2\functions (74.82 KB) for uploading 
[debug] [2024-05-10T13:05:56.359Z] >>> [apiv2][query] GET https://cloudfunctions.googleapis.com/v1/projects/portal-discountmd/locations/-/functions [none]
[debug] [2024-05-10T13:05:56.973Z] <<< [apiv2][status] GET https://cloudfunctions.googleapis.com/v1/projects/portal-discountmd/locations/-/functions 200
[debug] [2024-05-10T13:05:56.973Z] <<< [apiv2][body] GET https://cloudfunctions.googleapis.com/v1/projects/portal-discountmd/locations/-/functions {}
[debug] [2024-05-10T13:05:56.976Z] >>> [apiv2][query] GET https://cloudfunctions.googleapis.com/v2/projects/portal-discountmd/locations/-/functions filter=environment%3D%22GEN_2%22
[debug] [2024-05-10T13:05:58.005Z] <<< [apiv2][status] GET https://cloudfunctions.googleapis.com/v2/projects/portal-discountmd/locations/-/functions 200
[debug] [2024-05-10T13:05:58.005Z] <<< [apiv2][body] GET https://cloudfunctions.googleapis.com/v2/projects/portal-discountmd/locations/-/functions {}
[debug] [2024-05-10T13:05:58.008Z] >>> [apiv2][query] GET https://firebase.googleapis.com/v1beta1/projects/portal-discountmd [none]
[debug] [2024-05-10T13:05:58.363Z] <<< [apiv2][status] GET https://firebase.googleapis.com/v1beta1/projects/portal-discountmd 200
[debug] [2024-05-10T13:05:58.363Z] <<< [apiv2][body] GET https://firebase.googleapis.com/v1beta1/projects/portal-discountmd {"projectId":"portal-discountmd","projectNumber":"1006391583660","displayName":"Portal-DiscountMD","name":"projects/portal-discountmd","resources":{"hostingSite":"portal-discountmd","storageBucket":"portal-discountmd.appspot.com","locationId":"europe-west"},"state":"ACTIVE","etag":"1_b284296b-19a3-4bb1-be0a-113fbf9a4805"}
[debug] [2024-05-10T13:05:58.366Z] >>> [apiv2][query] POST https://cloudfunctions.googleapis.com/v1/projects/portal-discountmd/locations/us-central1/functions:generateUploadUrl [none]
[debug] [2024-05-10T13:05:58.367Z] >>> [apiv2][body] POST https://cloudfunctions.googleapis.com/v1/projects/portal-discountmd/locations/us-central1/functions:generateUploadUrl {}
[debug] [2024-05-10T13:06:07.356Z] <<< [apiv2][status] POST https://cloudfunctions.googleapis.com/v1/projects/portal-discountmd/locations/us-central1/functions:generateUploadUrl 200
[debug] [2024-05-10T13:06:07.357Z] <<< [apiv2][body] POST https://cloudfunctions.googleapis.com/v1/projects/portal-discountmd/locations/us-central1/functions:generateUploadUrl {"uploadUrl":"https://storage.googleapis.com/uploads-706467473125.us-central1.cloudfunctions.appspot.com/c41c0a18-08f4-40b1-bb77-63df0ed25906.zip?GoogleAccessId=service-1006391583660@gcf-admin-robot.iam.gserviceaccount.com&Expires=1715348167&Signature=bFB7A41dNlDEBnfA1YBHDo8%2FoJxCJJEF93pnMeETqOHVQwNgnKP9evpR%2B5jyIZ96bjSlmo2MVMdnWp9Iu4f%2FTJViDjg%2BnYkaaqi1kI%2Fp0baYEgg7a3vnipGrzgIPdMBhNhj9llQ%2BlwxhCfc3feX7R8SpVAnee7j1uKkjiz0CMNGPWIigRXoeYE6yO09KszCLARKwIFh1gbWjE7lWXbMKmF%2B4W58%2B1Vx3DqFJUdS2sBdtSYR2xJt1KRcy8tm4sVMTl%2Bh0irQdVCCRyGFJtXIv14zVVUnjF%2BLFGDPy%2Biznp%2Bx5JJ%2Bw%2FbYaZo0tYBnjRtWeQyOFpXS2UhX3u4WEd7zC%2FA%3D%3D"}
[debug] [2024-05-10T13:06:07.359Z] >>> [apiv2][query] PUT https://storage.googleapis.com/uploads-706467473125.us-central1.cloudfunctions.appspot.com/c41c0a18-08f4-40b1-bb77-63df0ed25906.zip GoogleAccessId=service-1006391583660%40gcf-admin-robot.iam.gserviceaccount.com&Expires=1715348167&Signature=bFB7A41dNlDEBnfA1YBHDo8%2FoJxCJJEF93pnMeETqOHVQwNgnKP9evpR%2B5jyIZ96bjSlmo2MVMdnWp9Iu4f%2FTJViDjg%2BnYkaaqi1kI%2Fp0baYEgg7a3vnipGrzgIPdMBhNhj9llQ%2BlwxhCfc3feX7R8SpVAnee7j1uKkjiz0CMNGPWIigRXoeYE6yO09KszCLARKwIFh1gbWjE7lWXbMKmF%2B4W58%2B1Vx3DqFJUdS2sBdtSYR2xJt1KRcy8tm4sVMTl%2Bh0irQdVCCRyGFJtXIv14zVVUnjF%2BLFGDPy%2Biznp%2Bx5JJ%2Bw%2FbYaZo0tYBnjRtWeQyOFpXS2UhX3u4WEd7zC%2FA%3D%3D
[debug] [2024-05-10T13:06:07.359Z] >>> [apiv2][body] PUT https://storage.googleapis.com/uploads-706467473125.us-central1.cloudfunctions.appspot.com/c41c0a18-08f4-40b1-bb77-63df0ed25906.zip [stream]
[debug] [2024-05-10T13:06:08.191Z] <<< [apiv2][status] PUT https://storage.googleapis.com/uploads-706467473125.us-central1.cloudfunctions.appspot.com/c41c0a18-08f4-40b1-bb77-63df0ed25906.zip 200
[debug] [2024-05-10T13:06:08.191Z] <<< [apiv2][body] PUT https://storage.googleapis.com/uploads-706467473125.us-central1.cloudfunctions.appspot.com/c41c0a18-08f4-40b1-bb77-63df0ed25906.zip [omitted]
[info] +  functions: functions folder uploaded successfully 
[info] i  functions: creating Node.js 18 (1st Gen) function sendConfirmationEmails(us-central1)... 
[debug] [2024-05-10T13:06:08.199Z] >>> [apiv2][query] POST https://cloudfunctions.googleapis.com/v1/projects/portal-discountmd/locations/us-central1/functions [none]
[debug] [2024-05-10T13:06:08.199Z] >>> [apiv2][body] POST https://cloudfunctions.googleapis.com/v1/projects/portal-discountmd/locations/us-central1/functions {"name":"projects/portal-discountmd/locations/us-central1/functions/sendConfirmationEmails","sourceUploadUrl":"https://storage.googleapis.com/uploads-706467473125.us-central1.cloudfunctions.appspot.com/c41c0a18-08f4-40b1-bb77-63df0ed25906.zip?GoogleAccessId=service-1006391583660@gcf-admin-robot.iam.gserviceaccount.com&Expires=1715348167&Signature=bFB7A41dNlDEBnfA1YBHDo8%2FoJxCJJEF93pnMeETqOHVQwNgnKP9evpR%2B5jyIZ96bjSlmo2MVMdnWp9Iu4f%2FTJViDjg%2BnYkaaqi1kI%2Fp0baYEgg7a3vnipGrzgIPdMBhNhj9llQ%2BlwxhCfc3feX7R8SpVAnee7j1uKkjiz0CMNGPWIigRXoeYE6yO09KszCLARKwIFh1gbWjE7lWXbMKmF%2B4W58%2B1Vx3DqFJUdS2sBdtSYR2xJt1KRcy8tm4sVMTl%2Bh0irQdVCCRyGFJtXIv14zVVUnjF%2BLFGDPy%2Biznp%2Bx5JJ%2Bw%2FbYaZo0tYBnjRtWeQyOFpXS2UhX3u4WEd7zC%2FA%3D%3D","entryPoint":"sendConfirmationEmails","runtime":"nodejs18","dockerRegistry":"ARTIFACT_REGISTRY","labels":{"deployment-tool":"cli-firebase","firebase-functions-hash":"3b648d1e85f5c7bc226c9cb8eccb7329c27b80e5"},"eventTrigger":{"eventType":"providers/cloud.firestore/eventTypes/document.update","resource":"projects/portal-discountmd/databases/(default)/documents/Users/{userId}/OferteÎnregistrate/{offerId}"},"minInstances":null,"maxInstances":null,"ingressSettings":null,"environmentVariables":{"FIREBASE_CONFIG":"{\"projectId\":\"portal-discountmd\",\"storageBucket\":\"portal-discountmd.appspot.com\",\"locationId\":\"europe-west\"}","GCLOUD_PROJECT":"portal-discountmd","EVENTARC_CLOUD_EVENT_SOURCE":"projects/portal-discountmd/locations/us-central1/functions/sendConfirmationEmails"},"serviceAccountEmail":null,"availableMemoryMb":null,"timeout":null,"vpcConnector":null,"vpcConnectorEgressSettings":null,"buildEnvironmentVariables":{"GOOGLE_NODE_RUN_SCRIPTS":""}}
[debug] [2024-05-10T13:06:08.940Z] <<< [apiv2][status] POST https://cloudfunctions.googleapis.com/v1/projects/portal-discountmd/locations/us-central1/functions 200
[debug] [2024-05-10T13:06:08.941Z] <<< [apiv2][body] POST https://cloudfunctions.googleapis.com/v1/projects/portal-discountmd/locations/us-central1/functions {"name":"operations/cG9ydGFsLWRpc2NvdW50bWQvdXMtY2VudHJhbDEvc2VuZENvbmZpcm1hdGlvbkVtYWlscy9qN1Bqdk9yNExFSQ","metadata":{"@type":"type.googleapis.com/google.cloud.functions.v1.OperationMetadataV1","target":"projects/portal-discountmd/locations/us-central1/functions/sendConfirmationEmails","type":"CREATE_FUNCTION","request":{"@type":"type.googleapis.com/google.cloud.functions.v1.CloudFunction","name":"projects/portal-discountmd/locations/us-central1/functions/sendConfirmationEmails","eventTrigger":{"eventType":"providers/cloud.firestore/eventTypes/document.update","resource":"projects/portal-discountmd/databases/(default)/documents/Users/{userId}/OferteÎnregistrate/{offerId}"},"entryPoint":"sendConfirmationEmails","labels":{"deployment-tool":"cli-firebase","firebase-functions-hash":"3b648d1e85f5c7bc226c9cb8eccb7329c27b80e5"},"sourceUploadUrl":"https://storage.googleapis.com/uploads-706467473125.us-central1.cloudfunctions.appspot.com/c41c0a18-08f4-40b1-bb77-63df0ed25906.zip?GoogleAccessId=service-1006391583660@gcf-admin-robot.iam.gserviceaccount.com&Expires=1715348167&Signature=bFB7A41dNlDEBnfA1YBHDo8%2FoJxCJJEF93pnMeETqOHVQwNgnKP9evpR%2B5jyIZ96bjSlmo2MVMdnWp9Iu4f%2FTJViDjg%2BnYkaaqi1kI%2Fp0baYEgg7a3vnipGrzgIPdMBhNhj9llQ%2BlwxhCfc3feX7R8SpVAnee7j1uKkjiz0CMNGPWIigRXoeYE6yO09KszCLARKwIFh1gbWjE7lWXbMKmF%2B4W58%2B1Vx3DqFJUdS2sBdtSYR2xJt1KRcy8tm4sVMTl%2Bh0irQdVCCRyGFJtXIv14zVVUnjF%2BLFGDPy%2Biznp%2Bx5JJ%2Bw%2FbYaZo0tYBnjRtWeQyOFpXS2UhX3u4WEd7zC%2FA%3D%3D","environmentVariables":{"FIREBASE_CONFIG":"{\"projectId\":\"portal-discountmd\",\"storageBucket\":\"portal-discountmd.appspot.com\",\"locationId\":\"europe-west\"}","GCLOUD_PROJECT":"portal-discountmd","EVENTARC_CLOUD_EVENT_SOURCE":"projects/portal-discountmd/locations/us-central1/functions/sendConfirmationEmails"},"runtime":"nodejs18","buildEnvironmentVariables":{"GOOGLE_NODE_RUN_SCRIPTS":""},"dockerRegistry":"ARTIFACT_REGISTRY"},"versionId":"1","updateTime":"2024-05-10T13:06:08Z"}}
[debug] [2024-05-10T13:06:08.942Z] >>> [apiv2][query] GET https://cloudfunctions.googleapis.com/v1/operations/cG9ydGFsLWRpc2NvdW50bWQvdXMtY2VudHJhbDEvc2VuZENvbmZpcm1hdGlvbkVtYWlscy9qN1Bqdk9yNExFSQ [none]
[debug] [2024-05-10T13:06:09.256Z] <<< [apiv2][status] GET https://cloudfunctions.googleapis.com/v1/operations/cG9ydGFsLWRpc2NvdW50bWQvdXMtY2VudHJhbDEvc2VuZENvbmZpcm1hdGlvbkVtYWlscy9qN1Bqdk9yNExFSQ 200
[debug] [2024-05-10T13:06:09.257Z] <<< [apiv2][body] GET https://cloudfunctions.googleapis.com/v1/operations/cG9ydGFsLWRpc2NvdW50bWQvdXMtY2VudHJhbDEvc2VuZENvbmZpcm1hdGlvbkVtYWlscy9qN1Bqdk9yNExFSQ {"name":"operations/cG9ydGFsLWRpc2NvdW50bWQvdXMtY2VudHJhbDEvc2VuZENvbmZpcm1hdGlvbkVtYWlscy9qN1Bqdk9yNExFSQ","metadata":{"@type":"type.googleapis.com/google.cloud.functions.v1.OperationMetadataV1","target":"projects/portal-discountmd/locations/us-central1/functions/sendConfirmationEmails","type":"CREATE_FUNCTION","request":{"@type":"type.googleapis.com/google.cloud.functions.v1.CloudFunction","name":"projects/portal-discountmd/locations/us-central1/functions/sendConfirmationEmails","eventTrigger":{"eventType":"providers/cloud.firestore/eventTypes/document.update","resource":"projects/portal-discountmd/databases/(default)/documents/Users/{userId}/OferteÎnregistrate/{offerId}"},"entryPoint":"sendConfirmationEmails","labels":{"deployment-tool":"cli-firebase","firebase-functions-hash":"3b648d1e85f5c7bc226c9cb8eccb7329c27b80e5"},"sourceUploadUrl":"https://storage.googleapis.com/uploads-706467473125.us-central1.cloudfunctions.appspot.com/c41c0a18-08f4-40b1-bb77-63df0ed25906.zip?GoogleAccessId=service-1006391583660@gcf-admin-robot.iam.gserviceaccount.com&Expires=1715348167&Signature=bFB7A41dNlDEBnfA1YBHDo8%2FoJxCJJEF93pnMeETqOHVQwNgnKP9evpR%2B5jyIZ96bjSlmo2MVMdnWp9Iu4f%2FTJViDjg%2BnYkaaqi1kI%2Fp0baYEgg7a3vnipGrzgIPdMBhNhj9llQ%2BlwxhCfc3feX7R8SpVAnee7j1uKkjiz0CMNGPWIigRXoeYE6yO09KszCLARKwIFh1gbWjE7lWXbMKmF%2B4W58%2B1Vx3DqFJUdS2sBdtSYR2xJt1KRcy8tm4sVMTl%2Bh0irQdVCCRyGFJtXIv14zVVUnjF%2BLFGDPy%2Biznp%2Bx5JJ%2Bw%2FbYaZo0tYBnjRtWeQyOFpXS2UhX3u4WEd7zC%2FA%3D%3D","environmentVariables":{"FIREBASE_CONFIG":"{\"projectId\":\"portal-discountmd\",\"storageBucket\":\"portal-discountmd.appspot.com\",\"locationId\":\"europe-west\"}","GCLOUD_PROJECT":"portal-discountmd","EVENTARC_CLOUD_EVENT_SOURCE":"projects/portal-discountmd/locations/us-central1/functions/sendConfirmationEmails"},"runtime":"nodejs18","buildEnvironmentVariables":{"GOOGLE_NODE_RUN_SCRIPTS":""},"dockerRegistry":"ARTIFACT_REGISTRY"},"versionId":"1","updateTime":"2024-05-10T13:06:08Z"}}
[debug] [2024-05-10T13:06:09.767Z] [create-default-us-central1-sendConfirmationEmails] Retrying task index 0
[debug] [2024-05-10T13:06:09.769Z] >>> [apiv2][query] GET https://cloudfunctions.googleapis.com/v1/operations/cG9ydGFsLWRpc2NvdW50bWQvdXMtY2VudHJhbDEvc2VuZENvbmZpcm1hdGlvbkVtYWlscy9qN1Bqdk9yNExFSQ [none]
[debug] [2024-05-10T13:06:10.072Z] <<< [apiv2][status] GET https://cloudfunctions.googleapis.com/v1/operations/cG9ydGFsLWRpc2NvdW50bWQvdXMtY2VudHJhbDEvc2VuZENvbmZpcm1hdGlvbkVtYWlscy9qN1Bqdk9yNExFSQ 200
[debug] [2024-05-10T13:06:10.072Z] <<< [apiv2][body] GET https://cloudfunctions.googleapis.com/v1/operations/cG9ydGFsLWRpc2NvdW50bWQvdXMtY2VudHJhbDEvc2VuZENvbmZpcm1hdGlvbkVtYWlscy9qN1Bqdk9yNExFSQ {"name":"operations/cG9ydGFsLWRpc2NvdW50bWQvdXMtY2VudHJhbDEvc2VuZENvbmZpcm1hdGlvbkVtYWlscy9qN1Bqdk9yNExFSQ","metadata":{"@type":"type.googleapis.com/google.cloud.functions.v1.OperationMetadataV1","target":"projects/portal-discountmd/locations/us-central1/functions/sendConfirmationEmails","type":"CREATE_FUNCTION","request":{"@type":"type.googleapis.com/google.cloud.functions.v1.CloudFunction","name":"projects/portal-discountmd/locations/us-central1/functions/sendConfirmationEmails","eventTrigger":{"eventType":"providers/cloud.firestore/eventTypes/document.update","resource":"projects/portal-discountmd/databases/(default)/documents/Users/{userId}/OferteÎnregistrate/{offerId}"},"entryPoint":"sendConfirmationEmails","labels":{"deployment-tool":"cli-firebase","firebase-functions-hash":"3b648d1e85f5c7bc226c9cb8eccb7329c27b80e5"},"sourceUploadUrl":"https://storage.googleapis.com/uploads-706467473125.us-central1.cloudfunctions.appspot.com/c41c0a18-08f4-40b1-bb77-63df0ed25906.zip?GoogleAccessId=service-1006391583660@gcf-admin-robot.iam.gserviceaccount.com&Expires=1715348167&Signature=bFB7A41dNlDEBnfA1YBHDo8%2FoJxCJJEF93pnMeETqOHVQwNgnKP9evpR%2B5jyIZ96bjSlmo2MVMdnWp9Iu4f%2FTJViDjg%2BnYkaaqi1kI%2Fp0baYEgg7a3vnipGrzgIPdMBhNhj9llQ%2BlwxhCfc3feX7R8SpVAnee7j1uKkjiz0CMNGPWIigRXoeYE6yO09KszCLARKwIFh1gbWjE7lWXbMKmF%2B4W58%2B1Vx3DqFJUdS2sBdtSYR2xJt1KRcy8tm4sVMTl%2Bh0irQdVCCRyGFJtXIv14zVVUnjF%2BLFGDPy%2Biznp%2Bx5JJ%2Bw%2FbYaZo0tYBnjRtWeQyOFpXS2UhX3u4WEd7zC%2FA%3D%3D","environmentVariables":{"FIREBASE_CONFIG":"{\"projectId\":\"portal-discountmd\",\"storageBucket\":\"portal-discountmd.appspot.com\",\"locationId\":\"europe-west\"}","GCLOUD_PROJECT":"portal-discountmd","EVENTARC_CLOUD_EVENT_SOURCE":"projects/portal-discountmd/locations/us-central1/functions/sendConfirmationEmails"},"runtime":"nodejs18","buildEnvironmentVariables":{"GOOGLE_NODE_RUN_SCRIPTS":""},"dockerRegistry":"ARTIFACT_REGISTRY"},"versionId":"1","updateTime":"2024-05-10T13:06:08Z"}}
[debug] [2024-05-10T13:06:11.075Z] [create-default-us-central1-sendConfirmationEmails] Retrying task index 0
[debug] [2024-05-10T13:06:11.076Z] >>> [apiv2][query] GET https://cloudfunctions.googleapis.com/v1/operations/cG9ydGFsLWRpc2NvdW50bWQvdXMtY2VudHJhbDEvc2VuZENvbmZpcm1hdGlvbkVtYWlscy9qN1Bqdk9yNExFSQ [none]
[debug] [2024-05-10T13:06:11.353Z] <<< [apiv2][status] GET https://cloudfunctions.googleapis.com/v1/operations/cG9ydGFsLWRpc2NvdW50bWQvdXMtY2VudHJhbDEvc2VuZENvbmZpcm1hdGlvbkVtYWlscy9qN1Bqdk9yNExFSQ 200
[debug] [2024-05-10T13:06:11.353Z] <<< [apiv2][body] GET https://cloudfunctions.googleapis.com/v1/operations/cG9ydGFsLWRpc2NvdW50bWQvdXMtY2VudHJhbDEvc2VuZENvbmZpcm1hdGlvbkVtYWlscy9qN1Bqdk9yNExFSQ {"name":"operations/cG9ydGFsLWRpc2NvdW50bWQvdXMtY2VudHJhbDEvc2VuZENvbmZpcm1hdGlvbkVtYWlscy9qN1Bqdk9yNExFSQ","metadata":{"@type":"type.googleapis.com/google.cloud.functions.v1.OperationMetadataV1","target":"projects/portal-discountmd/locations/us-central1/functions/sendConfirmationEmails","type":"CREATE_FUNCTION","request":{"@type":"type.googleapis.com/google.cloud.functions.v1.CloudFunction","name":"projects/portal-discountmd/locations/us-central1/functions/sendConfirmationEmails","eventTrigger":{"eventType":"providers/cloud.firestore/eventTypes/document.update","resource":"projects/portal-discountmd/databases/(default)/documents/Users/{userId}/OferteÎnregistrate/{offerId}"},"entryPoint":"sendConfirmationEmails","labels":{"deployment-tool":"cli-firebase","firebase-functions-hash":"3b648d1e85f5c7bc226c9cb8eccb7329c27b80e5"},"sourceUploadUrl":"https://storage.googleapis.com/uploads-706467473125.us-central1.cloudfunctions.appspot.com/c41c0a18-08f4-40b1-bb77-63df0ed25906.zip?GoogleAccessId=service-1006391583660@gcf-admin-robot.iam.gserviceaccount.com&Expires=1715348167&Signature=bFB7A41dNlDEBnfA1YBHDo8%2FoJxCJJEF93pnMeETqOHVQwNgnKP9evpR%2B5jyIZ96bjSlmo2MVMdnWp9Iu4f%2FTJViDjg%2BnYkaaqi1kI%2Fp0baYEgg7a3vnipGrzgIPdMBhNhj9llQ%2BlwxhCfc3feX7R8SpVAnee7j1uKkjiz0CMNGPWIigRXoeYE6yO09KszCLARKwIFh1gbWjE7lWXbMKmF%2B4W58%2B1Vx3DqFJUdS2sBdtSYR2xJt1KRcy8tm4sVMTl%2Bh0irQdVCCRyGFJtXIv14zVVUnjF%2BLFGDPy%2Biznp%2Bx5JJ%2Bw%2FbYaZo0tYBnjRtWeQyOFpXS2UhX3u4WEd7zC%2FA%3D%3D","environmentVariables":{"FIREBASE_CONFIG":"{\"projectId\":\"portal-discountmd\",\"storageBucket\":\"portal-discountmd.appspot.com\",\"locationId\":\"europe-west\"}","GCLOUD_PROJECT":"portal-discountmd","EVENTARC_CLOUD_EVENT_SOURCE":"projects/portal-discountmd/locations/us-central1/functions/sendConfirmationEmails"},"runtime":"nodejs18","buildEnvironmentVariables":{"GOOGLE_NODE_RUN_SCRIPTS":""},"dockerRegistry":"ARTIFACT_REGISTRY"},"versionId":"1","updateTime":"2024-05-10T13:06:08Z"}}
[debug] [2024-05-10T13:06:13.367Z] [create-default-us-central1-sendConfirmationEmails] Retrying task index 0
[debug] [2024-05-10T13:06:13.368Z] >>> [apiv2][query] GET https://cloudfunctions.googleapis.com/v1/operations/cG9ydGFsLWRpc2NvdW50bWQvdXMtY2VudHJhbDEvc2VuZENvbmZpcm1hdGlvbkVtYWlscy9qN1Bqdk9yNExFSQ [none]
[debug] [2024-05-10T13:06:13.657Z] <<< [apiv2][status] GET https://cloudfunctions.googleapis.com/v1/operations/cG9ydGFsLWRpc2NvdW50bWQvdXMtY2VudHJhbDEvc2VuZENvbmZpcm1hdGlvbkVtYWlscy9qN1Bqdk9yNExFSQ 200
[debug] [2024-05-10T13:06:13.658Z] <<< [apiv2][body] GET https://cloudfunctions.googleapis.com/v1/operations/cG9ydGFsLWRpc2NvdW50bWQvdXMtY2VudHJhbDEvc2VuZENvbmZpcm1hdGlvbkVtYWlscy9qN1Bqdk9yNExFSQ {"name":"operations/cG9ydGFsLWRpc2NvdW50bWQvdXMtY2VudHJhbDEvc2VuZENvbmZpcm1hdGlvbkVtYWlscy9qN1Bqdk9yNExFSQ","metadata":{"@type":"type.googleapis.com/google.cloud.functions.v1.OperationMetadataV1","target":"projects/portal-discountmd/locations/us-central1/functions/sendConfirmationEmails","type":"CREATE_FUNCTION","request":{"@type":"type.googleapis.com/google.cloud.functions.v1.CloudFunction","name":"projects/portal-discountmd/locations/us-central1/functions/sendConfirmationEmails","eventTrigger":{"eventType":"providers/cloud.firestore/eventTypes/document.update","resource":"projects/portal-discountmd/databases/(default)/documents/Users/{userId}/OferteÎnregistrate/{offerId}"},"entryPoint":"sendConfirmationEmails","labels":{"deployment-tool":"cli-firebase","firebase-functions-hash":"3b648d1e85f5c7bc226c9cb8eccb7329c27b80e5"},"sourceUploadUrl":"https://storage.googleapis.com/uploads-706467473125.us-central1.cloudfunctions.appspot.com/c41c0a18-08f4-40b1-bb77-63df0ed25906.zip?GoogleAccessId=service-1006391583660@gcf-admin-robot.iam.gserviceaccount.com&Expires=1715348167&Signature=bFB7A41dNlDEBnfA1YBHDo8%2FoJxCJJEF93pnMeETqOHVQwNgnKP9evpR%2B5jyIZ96bjSlmo2MVMdnWp9Iu4f%2FTJViDjg%2BnYkaaqi1kI%2Fp0baYEgg7a3vnipGrzgIPdMBhNhj9llQ%2BlwxhCfc3feX7R8SpVAnee7j1uKkjiz0CMNGPWIigRXoeYE6yO09KszCLARKwIFh1gbWjE7lWXbMKmF%2B4W58%2B1Vx3DqFJUdS2sBdtSYR2xJt1KRcy8tm4sVMTl%2Bh0irQdVCCRyGFJtXIv14zVVUnjF%2BLFGDPy%2Biznp%2Bx5JJ%2Bw%2FbYaZo0tYBnjRtWeQyOFpXS2UhX3u4WEd7zC%2FA%3D%3D","environmentVariables":{"FIREBASE_CONFIG":"{\"projectId\":\"portal-discountmd\",\"storageBucket\":\"portal-discountmd.appspot.com\",\"locationId\":\"europe-west\"}","GCLOUD_PROJECT":"portal-discountmd","EVENTARC_CLOUD_EVENT_SOURCE":"projects/portal-discountmd/locations/us-central1/functions/sendConfirmationEmails"},"runtime":"nodejs18","buildEnvironmentVariables":{"GOOGLE_NODE_RUN_SCRIPTS":""},"dockerRegistry":"ARTIFACT_REGISTRY"},"versionId":"1","updateTime":"2024-05-10T13:06:08Z"}}
[debug] [2024-05-10T13:06:17.658Z] [create-default-us-central1-sendConfirmationEmails] Retrying task index 0
[debug] [2024-05-10T13:06:17.659Z] >>> [apiv2][query] GET https://cloudfunctions.googleapis.com/v1/operations/cG9ydGFsLWRpc2NvdW50bWQvdXMtY2VudHJhbDEvc2VuZENvbmZpcm1hdGlvbkVtYWlscy9qN1Bqdk9yNExFSQ [none]
[debug] [2024-05-10T13:06:17.934Z] <<< [apiv2][status] GET https://cloudfunctions.googleapis.com/v1/operations/cG9ydGFsLWRpc2NvdW50bWQvdXMtY2VudHJhbDEvc2VuZENvbmZpcm1hdGlvbkVtYWlscy9qN1Bqdk9yNExFSQ 200
[debug] [2024-05-10T13:06:17.934Z] <<< [apiv2][body] GET https://cloudfunctions.googleapis.com/v1/operations/cG9ydGFsLWRpc2NvdW50bWQvdXMtY2VudHJhbDEvc2VuZENvbmZpcm1hdGlvbkVtYWlscy9qN1Bqdk9yNExFSQ {"name":"operations/cG9ydGFsLWRpc2NvdW50bWQvdXMtY2VudHJhbDEvc2VuZENvbmZpcm1hdGlvbkVtYWlscy9qN1Bqdk9yNExFSQ","metadata":{"@type":"type.googleapis.com/google.cloud.functions.v1.OperationMetadataV1","target":"projects/portal-discountmd/locations/us-central1/functions/sendConfirmationEmails","type":"CREATE_FUNCTION","request":{"@type":"type.googleapis.com/google.cloud.functions.v1.CloudFunction","name":"projects/portal-discountmd/locations/us-central1/functions/sendConfirmationEmails","eventTrigger":{"eventType":"providers/cloud.firestore/eventTypes/document.update","resource":"projects/portal-discountmd/databases/(default)/documents/Users/{userId}/OferteÎnregistrate/{offerId}"},"entryPoint":"sendConfirmationEmails","labels":{"deployment-tool":"cli-firebase","firebase-functions-hash":"3b648d1e85f5c7bc226c9cb8eccb7329c27b80e5"},"sourceUploadUrl":"https://storage.googleapis.com/uploads-706467473125.us-central1.cloudfunctions.appspot.com/c41c0a18-08f4-40b1-bb77-63df0ed25906.zip?GoogleAccessId=service-1006391583660@gcf-admin-robot.iam.gserviceaccount.com&Expires=1715348167&Signature=bFB7A41dNlDEBnfA1YBHDo8%2FoJxCJJEF93pnMeETqOHVQwNgnKP9evpR%2B5jyIZ96bjSlmo2MVMdnWp9Iu4f%2FTJViDjg%2BnYkaaqi1kI%2Fp0baYEgg7a3vnipGrzgIPdMBhNhj9llQ%2BlwxhCfc3feX7R8SpVAnee7j1uKkjiz0CMNGPWIigRXoeYE6yO09KszCLARKwIFh1gbWjE7lWXbMKmF%2B4W58%2B1Vx3DqFJUdS2sBdtSYR2xJt1KRcy8tm4sVMTl%2Bh0irQdVCCRyGFJtXIv14zVVUnjF%2BLFGDPy%2Biznp%2Bx5JJ%2Bw%2FbYaZo0tYBnjRtWeQyOFpXS2UhX3u4WEd7zC%2FA%3D%3D","environmentVariables":{"FIREBASE_CONFIG":"{\"projectId\":\"portal-discountmd\",\"storageBucket\":\"portal-discountmd.appspot.com\",\"locationId\":\"europe-west\"}","GCLOUD_PROJECT":"portal-discountmd","EVENTARC_CLOUD_EVENT_SOURCE":"projects/portal-discountmd/locations/us-central1/functions/sendConfirmationEmails"},"runtime":"nodejs18","buildEnvironmentVariables":{"GOOGLE_NODE_RUN_SCRIPTS":""},"dockerRegistry":"ARTIFACT_REGISTRY"},"versionId":"1","updateTime":"2024-05-10T13:06:08Z"}}
[debug] [2024-05-10T13:06:25.951Z] [create-default-us-central1-sendConfirmationEmails] Retrying task index 0
[debug] [2024-05-10T13:06:25.952Z] >>> [apiv2][query] GET https://cloudfunctions.googleapis.com/v1/operations/cG9ydGFsLWRpc2NvdW50bWQvdXMtY2VudHJhbDEvc2VuZENvbmZpcm1hdGlvbkVtYWlscy9qN1Bqdk9yNExFSQ [none]
[debug] [2024-05-10T13:06:26.241Z] <<< [apiv2][status] GET https://cloudfunctions.googleapis.com/v1/operations/cG9ydGFsLWRpc2NvdW50bWQvdXMtY2VudHJhbDEvc2VuZENvbmZpcm1hdGlvbkVtYWlscy9qN1Bqdk9yNExFSQ 200
[debug] [2024-05-10T13:06:26.242Z] <<< [apiv2][body] GET https://cloudfunctions.googleapis.com/v1/operations/cG9ydGFsLWRpc2NvdW50bWQvdXMtY2VudHJhbDEvc2VuZENvbmZpcm1hdGlvbkVtYWlscy9qN1Bqdk9yNExFSQ {"name":"operations/cG9ydGFsLWRpc2NvdW50bWQvdXMtY2VudHJhbDEvc2VuZENvbmZpcm1hdGlvbkVtYWlscy9qN1Bqdk9yNExFSQ","metadata":{"@type":"type.googleapis.com/google.cloud.functions.v1.OperationMetadataV1","target":"projects/portal-discountmd/locations/us-central1/functions/sendConfirmationEmails","type":"CREATE_FUNCTION","request":{"@type":"type.googleapis.com/google.cloud.functions.v1.CloudFunction","name":"projects/portal-discountmd/locations/us-central1/functions/sendConfirmationEmails","eventTrigger":{"eventType":"providers/cloud.firestore/eventTypes/document.update","resource":"projects/portal-discountmd/databases/(default)/documents/Users/{userId}/OferteÎnregistrate/{offerId}"},"entryPoint":"sendConfirmationEmails","labels":{"deployment-tool":"cli-firebase","firebase-functions-hash":"3b648d1e85f5c7bc226c9cb8eccb7329c27b80e5"},"sourceUploadUrl":"https://storage.googleapis.com/uploads-706467473125.us-central1.cloudfunctions.appspot.com/c41c0a18-08f4-40b1-bb77-63df0ed25906.zip?GoogleAccessId=service-1006391583660@gcf-admin-robot.iam.gserviceaccount.com&Expires=1715348167&Signature=bFB7A41dNlDEBnfA1YBHDo8%2FoJxCJJEF93pnMeETqOHVQwNgnKP9evpR%2B5jyIZ96bjSlmo2MVMdnWp9Iu4f%2FTJViDjg%2BnYkaaqi1kI%2Fp0baYEgg7a3vnipGrzgIPdMBhNhj9llQ%2BlwxhCfc3feX7R8SpVAnee7j1uKkjiz0CMNGPWIigRXoeYE6yO09KszCLARKwIFh1gbWjE7lWXbMKmF%2B4W58%2B1Vx3DqFJUdS2sBdtSYR2xJt1KRcy8tm4sVMTl%2Bh0irQdVCCRyGFJtXIv14zVVUnjF%2BLFGDPy%2Biznp%2Bx5JJ%2Bw%2FbYaZo0tYBnjRtWeQyOFpXS2UhX3u4WEd7zC%2FA%3D%3D","environmentVariables":{"FIREBASE_CONFIG":"{\"projectId\":\"portal-discountmd\",\"storageBucket\":\"portal-discountmd.appspot.com\",\"locationId\":\"europe-west\"}","GCLOUD_PROJECT":"portal-discountmd","EVENTARC_CLOUD_EVENT_SOURCE":"projects/portal-discountmd/locations/us-central1/functions/sendConfirmationEmails"},"runtime":"nodejs18","buildEnvironmentVariables":{"GOOGLE_NODE_RUN_SCRIPTS":""},"dockerRegistry":"ARTIFACT_REGISTRY"},"versionId":"1","updateTime":"2024-05-10T13:06:08Z","buildId":"568959ff-b081-4f8f-beeb-84176bea01d6","buildName":"projects/1006391583660/locations/us-central1/builds/568959ff-b081-4f8f-beeb-84176bea01d6"}}
[debug] [2024-05-10T13:06:36.244Z] [create-default-us-central1-sendConfirmationEmails] Retrying task index 0
[debug] [2024-05-10T13:06:36.244Z] >>> [apiv2][query] GET https://cloudfunctions.googleapis.com/v1/operations/cG9ydGFsLWRpc2NvdW50bWQvdXMtY2VudHJhbDEvc2VuZENvbmZpcm1hdGlvbkVtYWlscy9qN1Bqdk9yNExFSQ [none]
[debug] [2024-05-10T13:06:36.532Z] <<< [apiv2][status] GET https://cloudfunctions.googleapis.com/v1/operations/cG9ydGFsLWRpc2NvdW50bWQvdXMtY2VudHJhbDEvc2VuZENvbmZpcm1hdGlvbkVtYWlscy9qN1Bqdk9yNExFSQ 200
[debug] [2024-05-10T13:06:36.532Z] <<< [apiv2][body] GET https://cloudfunctions.googleapis.com/v1/operations/cG9ydGFsLWRpc2NvdW50bWQvdXMtY2VudHJhbDEvc2VuZENvbmZpcm1hdGlvbkVtYWlscy9qN1Bqdk9yNExFSQ {"name":"operations/cG9ydGFsLWRpc2NvdW50bWQvdXMtY2VudHJhbDEvc2VuZENvbmZpcm1hdGlvbkVtYWlscy9qN1Bqdk9yNExFSQ","metadata":{"@type":"type.googleapis.com/google.cloud.functions.v1.OperationMetadataV1","target":"projects/portal-discountmd/locations/us-central1/functions/sendConfirmationEmails","type":"CREATE_FUNCTION","request":{"@type":"type.googleapis.com/google.cloud.functions.v1.CloudFunction","name":"projects/portal-discountmd/locations/us-central1/functions/sendConfirmationEmails","eventTrigger":{"eventType":"providers/cloud.firestore/eventTypes/document.update","resource":"projects/portal-discountmd/databases/(default)/documents/Users/{userId}/OferteÎnregistrate/{offerId}"},"entryPoint":"sendConfirmationEmails","labels":{"deployment-tool":"cli-firebase","firebase-functions-hash":"3b648d1e85f5c7bc226c9cb8eccb7329c27b80e5"},"sourceUploadUrl":"https://storage.googleapis.com/uploads-706467473125.us-central1.cloudfunctions.appspot.com/c41c0a18-08f4-40b1-bb77-63df0ed25906.zip?GoogleAccessId=service-1006391583660@gcf-admin-robot.iam.gserviceaccount.com&Expires=1715348167&Signature=bFB7A41dNlDEBnfA1YBHDo8%2FoJxCJJEF93pnMeETqOHVQwNgnKP9evpR%2B5jyIZ96bjSlmo2MVMdnWp9Iu4f%2FTJViDjg%2BnYkaaqi1kI%2Fp0baYEgg7a3vnipGrzgIPdMBhNhj9llQ%2BlwxhCfc3feX7R8SpVAnee7j1uKkjiz0CMNGPWIigRXoeYE6yO09KszCLARKwIFh1gbWjE7lWXbMKmF%2B4W58%2B1Vx3DqFJUdS2sBdtSYR2xJt1KRcy8tm4sVMTl%2Bh0irQdVCCRyGFJtXIv14zVVUnjF%2BLFGDPy%2Biznp%2Bx5JJ%2Bw%2FbYaZo0tYBnjRtWeQyOFpXS2UhX3u4WEd7zC%2FA%3D%3D","environmentVariables":{"FIREBASE_CONFIG":"{\"projectId\":\"portal-discountmd\",\"storageBucket\":\"portal-discountmd.appspot.com\",\"locationId\":\"europe-west\"}","GCLOUD_PROJECT":"portal-discountmd","EVENTARC_CLOUD_EVENT_SOURCE":"projects/portal-discountmd/locations/us-central1/functions/sendConfirmationEmails"},"runtime":"nodejs18","buildEnvironmentVariables":{"GOOGLE_NODE_RUN_SCRIPTS":""},"dockerRegistry":"ARTIFACT_REGISTRY"},"versionId":"1","updateTime":"2024-05-10T13:06:08Z","buildId":"568959ff-b081-4f8f-beeb-84176bea01d6","buildName":"projects/1006391583660/locations/us-central1/builds/568959ff-b081-4f8f-beeb-84176bea01d6"}}
[debug] [2024-05-10T13:06:46.546Z] [create-default-us-central1-sendConfirmationEmails] Retrying task index 0
[debug] [2024-05-10T13:06:46.547Z] >>> [apiv2][query] GET https://cloudfunctions.googleapis.com/v1/operations/cG9ydGFsLWRpc2NvdW50bWQvdXMtY2VudHJhbDEvc2VuZENvbmZpcm1hdGlvbkVtYWlscy9qN1Bqdk9yNExFSQ [none]
[debug] [2024-05-10T13:06:46.832Z] <<< [apiv2][status] GET https://cloudfunctions.googleapis.com/v1/operations/cG9ydGFsLWRpc2NvdW50bWQvdXMtY2VudHJhbDEvc2VuZENvbmZpcm1hdGlvbkVtYWlscy9qN1Bqdk9yNExFSQ 200
[debug] [2024-05-10T13:06:46.833Z] <<< [apiv2][body] GET https://cloudfunctions.googleapis.com/v1/operations/cG9ydGFsLWRpc2NvdW50bWQvdXMtY2VudHJhbDEvc2VuZENvbmZpcm1hdGlvbkVtYWlscy9qN1Bqdk9yNExFSQ {"name":"operations/cG9ydGFsLWRpc2NvdW50bWQvdXMtY2VudHJhbDEvc2VuZENvbmZpcm1hdGlvbkVtYWlscy9qN1Bqdk9yNExFSQ","metadata":{"@type":"type.googleapis.com/google.cloud.functions.v1.OperationMetadataV1","target":"projects/portal-discountmd/locations/us-central1/functions/sendConfirmationEmails","type":"CREATE_FUNCTION","request":{"@type":"type.googleapis.com/google.cloud.functions.v1.CloudFunction","name":"projects/portal-discountmd/locations/us-central1/functions/sendConfirmationEmails","eventTrigger":{"eventType":"providers/cloud.firestore/eventTypes/document.update","resource":"projects/portal-discountmd/databases/(default)/documents/Users/{userId}/OferteÎnregistrate/{offerId}"},"entryPoint":"sendConfirmationEmails","labels":{"deployment-tool":"cli-firebase","firebase-functions-hash":"3b648d1e85f5c7bc226c9cb8eccb7329c27b80e5"},"sourceUploadUrl":"https://storage.googleapis.com/uploads-706467473125.us-central1.cloudfunctions.appspot.com/c41c0a18-08f4-40b1-bb77-63df0ed25906.zip?GoogleAccessId=service-1006391583660@gcf-admin-robot.iam.gserviceaccount.com&Expires=1715348167&Signature=bFB7A41dNlDEBnfA1YBHDo8%2FoJxCJJEF93pnMeETqOHVQwNgnKP9evpR%2B5jyIZ96bjSlmo2MVMdnWp9Iu4f%2FTJViDjg%2BnYkaaqi1kI%2Fp0baYEgg7a3vnipGrzgIPdMBhNhj9llQ%2BlwxhCfc3feX7R8SpVAnee7j1uKkjiz0CMNGPWIigRXoeYE6yO09KszCLARKwIFh1gbWjE7lWXbMKmF%2B4W58%2B1Vx3DqFJUdS2sBdtSYR2xJt1KRcy8tm4sVMTl%2Bh0irQdVCCRyGFJtXIv14zVVUnjF%2BLFGDPy%2Biznp%2Bx5JJ%2Bw%2FbYaZo0tYBnjRtWeQyOFpXS2UhX3u4WEd7zC%2FA%3D%3D","environmentVariables":{"FIREBASE_CONFIG":"{\"projectId\":\"portal-discountmd\",\"storageBucket\":\"portal-discountmd.appspot.com\",\"locationId\":\"europe-west\"}","GCLOUD_PROJECT":"portal-discountmd","EVENTARC_CLOUD_EVENT_SOURCE":"projects/portal-discountmd/locations/us-central1/functions/sendConfirmationEmails"},"runtime":"nodejs18","buildEnvironmentVariables":{"GOOGLE_NODE_RUN_SCRIPTS":""},"dockerRegistry":"ARTIFACT_REGISTRY"},"versionId":"1","updateTime":"2024-05-10T13:06:08Z","buildId":"568959ff-b081-4f8f-beeb-84176bea01d6","buildName":"projects/1006391583660/locations/us-central1/builds/568959ff-b081-4f8f-beeb-84176bea01d6"}}
[debug] [2024-05-10T13:06:56.841Z] [create-default-us-central1-sendConfirmationEmails] Retrying task index 0
[debug] [2024-05-10T13:06:56.842Z] >>> [apiv2][query] GET https://cloudfunctions.googleapis.com/v1/operations/cG9ydGFsLWRpc2NvdW50bWQvdXMtY2VudHJhbDEvc2VuZENvbmZpcm1hdGlvbkVtYWlscy9qN1Bqdk9yNExFSQ [none]
[debug] [2024-05-10T13:06:57.154Z] <<< [apiv2][status] GET https://cloudfunctions.googleapis.com/v1/operations/cG9ydGFsLWRpc2NvdW50bWQvdXMtY2VudHJhbDEvc2VuZENvbmZpcm1hdGlvbkVtYWlscy9qN1Bqdk9yNExFSQ 200
[debug] [2024-05-10T13:06:57.155Z] <<< [apiv2][body] GET https://cloudfunctions.googleapis.com/v1/operations/cG9ydGFsLWRpc2NvdW50bWQvdXMtY2VudHJhbDEvc2VuZENvbmZpcm1hdGlvbkVtYWlscy9qN1Bqdk9yNExFSQ {"name":"operations/cG9ydGFsLWRpc2NvdW50bWQvdXMtY2VudHJhbDEvc2VuZENvbmZpcm1hdGlvbkVtYWlscy9qN1Bqdk9yNExFSQ","metadata":{"@type":"type.googleapis.com/google.cloud.functions.v1.OperationMetadataV1","target":"projects/portal-discountmd/locations/us-central1/functions/sendConfirmationEmails","type":"CREATE_FUNCTION","request":{"@type":"type.googleapis.com/google.cloud.functions.v1.CloudFunction","name":"projects/portal-discountmd/locations/us-central1/functions/sendConfirmationEmails","eventTrigger":{"eventType":"providers/cloud.firestore/eventTypes/document.update","resource":"projects/portal-discountmd/databases/(default)/documents/Users/{userId}/OferteÎnregistrate/{offerId}"},"entryPoint":"sendConfirmationEmails","labels":{"deployment-tool":"cli-firebase","firebase-functions-hash":"3b648d1e85f5c7bc226c9cb8eccb7329c27b80e5"},"sourceUploadUrl":"https://storage.googleapis.com/uploads-706467473125.us-central1.cloudfunctions.appspot.com/c41c0a18-08f4-40b1-bb77-63df0ed25906.zip?GoogleAccessId=service-1006391583660@gcf-admin-robot.iam.gserviceaccount.com&Expires=1715348167&Signature=bFB7A41dNlDEBnfA1YBHDo8%2FoJxCJJEF93pnMeETqOHVQwNgnKP9evpR%2B5jyIZ96bjSlmo2MVMdnWp9Iu4f%2FTJViDjg%2BnYkaaqi1kI%2Fp0baYEgg7a3vnipGrzgIPdMBhNhj9llQ%2BlwxhCfc3feX7R8SpVAnee7j1uKkjiz0CMNGPWIigRXoeYE6yO09KszCLARKwIFh1gbWjE7lWXbMKmF%2B4W58%2B1Vx3DqFJUdS2sBdtSYR2xJt1KRcy8tm4sVMTl%2Bh0irQdVCCRyGFJtXIv14zVVUnjF%2BLFGDPy%2Biznp%2Bx5JJ%2Bw%2FbYaZo0tYBnjRtWeQyOFpXS2UhX3u4WEd7zC%2FA%3D%3D","environmentVariables":{"FIREBASE_CONFIG":"{\"projectId\":\"portal-discountmd\",\"storageBucket\":\"portal-discountmd.appspot.com\",\"locationId\":\"europe-west\"}","GCLOUD_PROJECT":"portal-discountmd","EVENTARC_CLOUD_EVENT_SOURCE":"projects/portal-discountmd/locations/us-central1/functions/sendConfirmationEmails"},"runtime":"nodejs18","buildEnvironmentVariables":{"GOOGLE_NODE_RUN_SCRIPTS":""},"dockerRegistry":"ARTIFACT_REGISTRY"},"versionId":"1","updateTime":"2024-05-10T13:06:08Z","buildId":"568959ff-b081-4f8f-beeb-84176bea01d6","buildName":"projects/1006391583660/locations/us-central1/builds/568959ff-b081-4f8f-beeb-84176bea01d6"}}
[debug] [2024-05-10T13:07:07.163Z] [create-default-us-central1-sendConfirmationEmails] Retrying task index 0
[debug] [2024-05-10T13:07:07.164Z] >>> [apiv2][query] GET https://cloudfunctions.googleapis.com/v1/operations/cG9ydGFsLWRpc2NvdW50bWQvdXMtY2VudHJhbDEvc2VuZENvbmZpcm1hdGlvbkVtYWlscy9qN1Bqdk9yNExFSQ [none]
[debug] [2024-05-10T13:07:07.450Z] <<< [apiv2][status] GET https://cloudfunctions.googleapis.com/v1/operations/cG9ydGFsLWRpc2NvdW50bWQvdXMtY2VudHJhbDEvc2VuZENvbmZpcm1hdGlvbkVtYWlscy9qN1Bqdk9yNExFSQ 200
[debug] [2024-05-10T13:07:07.451Z] <<< [apiv2][body] GET https://cloudfunctions.googleapis.com/v1/operations/cG9ydGFsLWRpc2NvdW50bWQvdXMtY2VudHJhbDEvc2VuZENvbmZpcm1hdGlvbkVtYWlscy9qN1Bqdk9yNExFSQ {"name":"operations/cG9ydGFsLWRpc2NvdW50bWQvdXMtY2VudHJhbDEvc2VuZENvbmZpcm1hdGlvbkVtYWlscy9qN1Bqdk9yNExFSQ","metadata":{"@type":"type.googleapis.com/google.cloud.functions.v1.OperationMetadataV1","target":"projects/portal-discountmd/locations/us-central1/functions/sendConfirmationEmails","type":"CREATE_FUNCTION","request":{"@type":"type.googleapis.com/google.cloud.functions.v1.CloudFunction","name":"projects/portal-discountmd/locations/us-central1/functions/sendConfirmationEmails","eventTrigger":{"eventType":"providers/cloud.firestore/eventTypes/document.update","resource":"projects/portal-discountmd/databases/(default)/documents/Users/{userId}/OferteÎnregistrate/{offerId}"},"entryPoint":"sendConfirmationEmails","labels":{"deployment-tool":"cli-firebase","firebase-functions-hash":"3b648d1e85f5c7bc226c9cb8eccb7329c27b80e5"},"sourceUploadUrl":"https://storage.googleapis.com/uploads-706467473125.us-central1.cloudfunctions.appspot.com/c41c0a18-08f4-40b1-bb77-63df0ed25906.zip?GoogleAccessId=service-1006391583660@gcf-admin-robot.iam.gserviceaccount.com&Expires=1715348167&Signature=bFB7A41dNlDEBnfA1YBHDo8%2FoJxCJJEF93pnMeETqOHVQwNgnKP9evpR%2B5jyIZ96bjSlmo2MVMdnWp9Iu4f%2FTJViDjg%2BnYkaaqi1kI%2Fp0baYEgg7a3vnipGrzgIPdMBhNhj9llQ%2BlwxhCfc3feX7R8SpVAnee7j1uKkjiz0CMNGPWIigRXoeYE6yO09KszCLARKwIFh1gbWjE7lWXbMKmF%2B4W58%2B1Vx3DqFJUdS2sBdtSYR2xJt1KRcy8tm4sVMTl%2Bh0irQdVCCRyGFJtXIv14zVVUnjF%2BLFGDPy%2Biznp%2Bx5JJ%2Bw%2FbYaZo0tYBnjRtWeQyOFpXS2UhX3u4WEd7zC%2FA%3D%3D","environmentVariables":{"FIREBASE_CONFIG":"{\"projectId\":\"portal-discountmd\",\"storageBucket\":\"portal-discountmd.appspot.com\",\"locationId\":\"europe-west\"}","GCLOUD_PROJECT":"portal-discountmd","EVENTARC_CLOUD_EVENT_SOURCE":"projects/portal-discountmd/locations/us-central1/functions/sendConfirmationEmails"},"runtime":"nodejs18","buildEnvironmentVariables":{"GOOGLE_NODE_RUN_SCRIPTS":""},"dockerRegistry":"ARTIFACT_REGISTRY"},"versionId":"1","updateTime":"2024-05-10T13:06:08Z","buildId":"568959ff-b081-4f8f-beeb-84176bea01d6","buildName":"projects/1006391583660/locations/us-central1/builds/568959ff-b081-4f8f-beeb-84176bea01d6"}}
[debug] [2024-05-10T13:07:17.452Z] [create-default-us-central1-sendConfirmationEmails] Retrying task index 0
[debug] [2024-05-10T13:07:17.452Z] >>> [apiv2][query] GET https://cloudfunctions.googleapis.com/v1/operations/cG9ydGFsLWRpc2NvdW50bWQvdXMtY2VudHJhbDEvc2VuZENvbmZpcm1hdGlvbkVtYWlscy9qN1Bqdk9yNExFSQ [none]
[debug] [2024-05-10T13:07:17.772Z] <<< [apiv2][status] GET https://cloudfunctions.googleapis.com/v1/operations/cG9ydGFsLWRpc2NvdW50bWQvdXMtY2VudHJhbDEvc2VuZENvbmZpcm1hdGlvbkVtYWlscy9qN1Bqdk9yNExFSQ 200
[debug] [2024-05-10T13:07:17.772Z] <<< [apiv2][body] GET https://cloudfunctions.googleapis.com/v1/operations/cG9ydGFsLWRpc2NvdW50bWQvdXMtY2VudHJhbDEvc2VuZENvbmZpcm1hdGlvbkVtYWlscy9qN1Bqdk9yNExFSQ {"name":"operations/cG9ydGFsLWRpc2NvdW50bWQvdXMtY2VudHJhbDEvc2VuZENvbmZpcm1hdGlvbkVtYWlscy9qN1Bqdk9yNExFSQ","metadata":{"@type":"type.googleapis.com/google.cloud.functions.v1.OperationMetadataV1","target":"projects/portal-discountmd/locations/us-central1/functions/sendConfirmationEmails","type":"CREATE_FUNCTION","request":{"@type":"type.googleapis.com/google.cloud.functions.v1.CloudFunction","name":"projects/portal-discountmd/locations/us-central1/functions/sendConfirmationEmails","eventTrigger":{"eventType":"providers/cloud.firestore/eventTypes/document.update","resource":"projects/portal-discountmd/databases/(default)/documents/Users/{userId}/OferteÎnregistrate/{offerId}"},"entryPoint":"sendConfirmationEmails","labels":{"deployment-tool":"cli-firebase","firebase-functions-hash":"3b648d1e85f5c7bc226c9cb8eccb7329c27b80e5"},"sourceUploadUrl":"https://storage.googleapis.com/uploads-706467473125.us-central1.cloudfunctions.appspot.com/c41c0a18-08f4-40b1-bb77-63df0ed25906.zip?GoogleAccessId=service-1006391583660@gcf-admin-robot.iam.gserviceaccount.com&Expires=1715348167&Signature=bFB7A41dNlDEBnfA1YBHDo8%2FoJxCJJEF93pnMeETqOHVQwNgnKP9evpR%2B5jyIZ96bjSlmo2MVMdnWp9Iu4f%2FTJViDjg%2BnYkaaqi1kI%2Fp0baYEgg7a3vnipGrzgIPdMBhNhj9llQ%2BlwxhCfc3feX7R8SpVAnee7j1uKkjiz0CMNGPWIigRXoeYE6yO09KszCLARKwIFh1gbWjE7lWXbMKmF%2B4W58%2B1Vx3DqFJUdS2sBdtSYR2xJt1KRcy8tm4sVMTl%2Bh0irQdVCCRyGFJtXIv14zVVUnjF%2BLFGDPy%2Biznp%2Bx5JJ%2Bw%2FbYaZo0tYBnjRtWeQyOFpXS2UhX3u4WEd7zC%2FA%3D%3D","environmentVariables":{"FIREBASE_CONFIG":"{\"projectId\":\"portal-discountmd\",\"storageBucket\":\"portal-discountmd.appspot.com\",\"locationId\":\"europe-west\"}","GCLOUD_PROJECT":"portal-discountmd","EVENTARC_CLOUD_EVENT_SOURCE":"projects/portal-discountmd/locations/us-central1/functions/sendConfirmationEmails"},"runtime":"nodejs18","buildEnvironmentVariables":{"GOOGLE_NODE_RUN_SCRIPTS":""},"dockerRegistry":"ARTIFACT_REGISTRY"},"versionId":"1","updateTime":"2024-05-10T13:06:08Z","buildId":"568959ff-b081-4f8f-beeb-84176bea01d6","sourceToken":"b7deade7-0589-42ae-9a5f-325ee7979465","buildName":"projects/1006391583660/locations/us-central1/builds/568959ff-b081-4f8f-beeb-84176bea01d6"}}
[debug] [2024-05-10T13:07:17.773Z] Got source token b7deade7-0589-42ae-9a5f-325ee7979465 for region us-central1
[debug] [2024-05-10T13:07:27.785Z] [create-default-us-central1-sendConfirmationEmails] Retrying task index 0
[debug] [2024-05-10T13:07:27.787Z] >>> [apiv2][query] GET https://cloudfunctions.googleapis.com/v1/operations/cG9ydGFsLWRpc2NvdW50bWQvdXMtY2VudHJhbDEvc2VuZENvbmZpcm1hdGlvbkVtYWlscy9qN1Bqdk9yNExFSQ [none]
[debug] [2024-05-10T13:07:28.081Z] <<< [apiv2][status] GET https://cloudfunctions.googleapis.com/v1/operations/cG9ydGFsLWRpc2NvdW50bWQvdXMtY2VudHJhbDEvc2VuZENvbmZpcm1hdGlvbkVtYWlscy9qN1Bqdk9yNExFSQ 200
[debug] [2024-05-10T13:07:28.081Z] <<< [apiv2][body] GET https://cloudfunctions.googleapis.com/v1/operations/cG9ydGFsLWRpc2NvdW50bWQvdXMtY2VudHJhbDEvc2VuZENvbmZpcm1hdGlvbkVtYWlscy9qN1Bqdk9yNExFSQ {"name":"operations/cG9ydGFsLWRpc2NvdW50bWQvdXMtY2VudHJhbDEvc2VuZENvbmZpcm1hdGlvbkVtYWlscy9qN1Bqdk9yNExFSQ","metadata":{"@type":"type.googleapis.com/google.cloud.functions.v1.OperationMetadataV1","target":"projects/portal-discountmd/locations/us-central1/functions/sendConfirmationEmails","type":"CREATE_FUNCTION","request":{"@type":"type.googleapis.com/google.cloud.functions.v1.CloudFunction","name":"projects/portal-discountmd/locations/us-central1/functions/sendConfirmationEmails","eventTrigger":{"eventType":"providers/cloud.firestore/eventTypes/document.update","resource":"projects/portal-discountmd/databases/(default)/documents/Users/{userId}/OferteÎnregistrate/{offerId}"},"entryPoint":"sendConfirmationEmails","labels":{"deployment-tool":"cli-firebase","firebase-functions-hash":"3b648d1e85f5c7bc226c9cb8eccb7329c27b80e5"},"sourceUploadUrl":"https://storage.googleapis.com/uploads-706467473125.us-central1.cloudfunctions.appspot.com/c41c0a18-08f4-40b1-bb77-63df0ed25906.zip?GoogleAccessId=service-1006391583660@gcf-admin-robot.iam.gserviceaccount.com&Expires=1715348167&Signature=bFB7A41dNlDEBnfA1YBHDo8%2FoJxCJJEF93pnMeETqOHVQwNgnKP9evpR%2B5jyIZ96bjSlmo2MVMdnWp9Iu4f%2FTJViDjg%2BnYkaaqi1kI%2Fp0baYEgg7a3vnipGrzgIPdMBhNhj9llQ%2BlwxhCfc3feX7R8SpVAnee7j1uKkjiz0CMNGPWIigRXoeYE6yO09KszCLARKwIFh1gbWjE7lWXbMKmF%2B4W58%2B1Vx3DqFJUdS2sBdtSYR2xJt1KRcy8tm4sVMTl%2Bh0irQdVCCRyGFJtXIv14zVVUnjF%2BLFGDPy%2Biznp%2Bx5JJ%2Bw%2FbYaZo0tYBnjRtWeQyOFpXS2UhX3u4WEd7zC%2FA%3D%3D","environmentVariables":{"FIREBASE_CONFIG":"{\"projectId\":\"portal-discountmd\",\"storageBucket\":\"portal-discountmd.appspot.com\",\"locationId\":\"europe-west\"}","GCLOUD_PROJECT":"portal-discountmd","EVENTARC_CLOUD_EVENT_SOURCE":"projects/portal-discountmd/locations/us-central1/functions/sendConfirmationEmails"},"runtime":"nodejs18","buildEnvironmentVariables":{"GOOGLE_NODE_RUN_SCRIPTS":""},"dockerRegistry":"ARTIFACT_REGISTRY"},"versionId":"1","updateTime":"2024-05-10T13:06:08Z","buildId":"568959ff-b081-4f8f-beeb-84176bea01d6","sourceToken":"b7deade7-0589-42ae-9a5f-325ee7979465","buildName":"projects/1006391583660/locations/us-central1/builds/568959ff-b081-4f8f-beeb-84176bea01d6"}}
[debug] [2024-05-10T13:07:28.081Z] Got source token b7deade7-0589-42ae-9a5f-325ee7979465 for region us-central1
[debug] [2024-05-10T13:07:38.086Z] [create-default-us-central1-sendConfirmationEmails] Retrying task index 0
[debug] [2024-05-10T13:07:38.087Z] >>> [apiv2][query] GET https://cloudfunctions.googleapis.com/v1/operations/cG9ydGFsLWRpc2NvdW50bWQvdXMtY2VudHJhbDEvc2VuZENvbmZpcm1hdGlvbkVtYWlscy9qN1Bqdk9yNExFSQ [none]
[debug] [2024-05-10T13:07:38.402Z] <<< [apiv2][status] GET https://cloudfunctions.googleapis.com/v1/operations/cG9ydGFsLWRpc2NvdW50bWQvdXMtY2VudHJhbDEvc2VuZENvbmZpcm1hdGlvbkVtYWlscy9qN1Bqdk9yNExFSQ 200
[debug] [2024-05-10T13:07:38.402Z] <<< [apiv2][body] GET https://cloudfunctions.googleapis.com/v1/operations/cG9ydGFsLWRpc2NvdW50bWQvdXMtY2VudHJhbDEvc2VuZENvbmZpcm1hdGlvbkVtYWlscy9qN1Bqdk9yNExFSQ {"name":"operations/cG9ydGFsLWRpc2NvdW50bWQvdXMtY2VudHJhbDEvc2VuZENvbmZpcm1hdGlvbkVtYWlscy9qN1Bqdk9yNExFSQ","metadata":{"@type":"type.googleapis.com/google.cloud.functions.v1.OperationMetadataV1","target":"projects/portal-discountmd/locations/us-central1/functions/sendConfirmationEmails","type":"CREATE_FUNCTION","request":{"@type":"type.googleapis.com/google.cloud.functions.v1.CloudFunction","name":"projects/portal-discountmd/locations/us-central1/functions/sendConfirmationEmails","eventTrigger":{"eventType":"providers/cloud.firestore/eventTypes/document.update","resource":"projects/portal-discountmd/databases/(default)/documents/Users/{userId}/OferteÎnregistrate/{offerId}"},"entryPoint":"sendConfirmationEmails","labels":{"deployment-tool":"cli-firebase","firebase-functions-hash":"3b648d1e85f5c7bc226c9cb8eccb7329c27b80e5"},"sourceUploadUrl":"https://storage.googleapis.com/uploads-706467473125.us-central1.cloudfunctions.appspot.com/c41c0a18-08f4-40b1-bb77-63df0ed25906.zip?GoogleAccessId=service-1006391583660@gcf-admin-robot.iam.gserviceaccount.com&Expires=1715348167&Signature=bFB7A41dNlDEBnfA1YBHDo8%2FoJxCJJEF93pnMeETqOHVQwNgnKP9evpR%2B5jyIZ96bjSlmo2MVMdnWp9Iu4f%2FTJViDjg%2BnYkaaqi1kI%2Fp0baYEgg7a3vnipGrzgIPdMBhNhj9llQ%2BlwxhCfc3feX7R8SpVAnee7j1uKkjiz0CMNGPWIigRXoeYE6yO09KszCLARKwIFh1gbWjE7lWXbMKmF%2B4W58%2B1Vx3DqFJUdS2sBdtSYR2xJt1KRcy8tm4sVMTl%2Bh0irQdVCCRyGFJtXIv14zVVUnjF%2BLFGDPy%2Biznp%2Bx5JJ%2Bw%2FbYaZo0tYBnjRtWeQyOFpXS2UhX3u4WEd7zC%2FA%3D%3D","environmentVariables":{"FIREBASE_CONFIG":"{\"projectId\":\"portal-discountmd\",\"storageBucket\":\"portal-discountmd.appspot.com\",\"locationId\":\"europe-west\"}","GCLOUD_PROJECT":"portal-discountmd","EVENTARC_CLOUD_EVENT_SOURCE":"projects/portal-discountmd/locations/us-central1/functions/sendConfirmationEmails"},"runtime":"nodejs18","buildEnvironmentVariables":{"GOOGLE_NODE_RUN_SCRIPTS":""},"dockerRegistry":"ARTIFACT_REGISTRY"},"versionId":"1","updateTime":"2024-05-10T13:06:08Z","buildId":"568959ff-b081-4f8f-beeb-84176bea01d6","sourceToken":"b7deade7-0589-42ae-9a5f-325ee7979465","buildName":"projects/1006391583660/locations/us-central1/builds/568959ff-b081-4f8f-beeb-84176bea01d6"}}
[debug] [2024-05-10T13:07:38.402Z] Got source token b7deade7-0589-42ae-9a5f-325ee7979465 for region us-central1
[debug] [2024-05-10T13:07:48.413Z] [create-default-us-central1-sendConfirmationEmails] Retrying task index 0
[debug] [2024-05-10T13:07:48.414Z] >>> [apiv2][query] GET https://cloudfunctions.googleapis.com/v1/operations/cG9ydGFsLWRpc2NvdW50bWQvdXMtY2VudHJhbDEvc2VuZENvbmZpcm1hdGlvbkVtYWlscy9qN1Bqdk9yNExFSQ [none]
[debug] [2024-05-10T13:07:48.704Z] <<< [apiv2][status] GET https://cloudfunctions.googleapis.com/v1/operations/cG9ydGFsLWRpc2NvdW50bWQvdXMtY2VudHJhbDEvc2VuZENvbmZpcm1hdGlvbkVtYWlscy9qN1Bqdk9yNExFSQ 200
[debug] [2024-05-10T13:07:48.705Z] <<< [apiv2][body] GET https://cloudfunctions.googleapis.com/v1/operations/cG9ydGFsLWRpc2NvdW50bWQvdXMtY2VudHJhbDEvc2VuZENvbmZpcm1hdGlvbkVtYWlscy9qN1Bqdk9yNExFSQ {"name":"operations/cG9ydGFsLWRpc2NvdW50bWQvdXMtY2VudHJhbDEvc2VuZENvbmZpcm1hdGlvbkVtYWlscy9qN1Bqdk9yNExFSQ","metadata":{"@type":"type.googleapis.com/google.cloud.functions.v1.OperationMetadataV1","target":"projects/portal-discountmd/locations/us-central1/functions/sendConfirmationEmails","type":"CREATE_FUNCTION","request":{"@type":"type.googleapis.com/google.cloud.functions.v1.CloudFunction","name":"projects/portal-discountmd/locations/us-central1/functions/sendConfirmationEmails","eventTrigger":{"eventType":"providers/cloud.firestore/eventTypes/document.update","resource":"projects/portal-discountmd/databases/(default)/documents/Users/{userId}/OferteÎnregistrate/{offerId}"},"entryPoint":"sendConfirmationEmails","labels":{"deployment-tool":"cli-firebase","firebase-functions-hash":"3b648d1e85f5c7bc226c9cb8eccb7329c27b80e5"},"sourceUploadUrl":"https://storage.googleapis.com/uploads-706467473125.us-central1.cloudfunctions.appspot.com/c41c0a18-08f4-40b1-bb77-63df0ed25906.zip?GoogleAccessId=service-1006391583660@gcf-admin-robot.iam.gserviceaccount.com&Expires=1715348167&Signature=bFB7A41dNlDEBnfA1YBHDo8%2FoJxCJJEF93pnMeETqOHVQwNgnKP9evpR%2B5jyIZ96bjSlmo2MVMdnWp9Iu4f%2FTJViDjg%2BnYkaaqi1kI%2Fp0baYEgg7a3vnipGrzgIPdMBhNhj9llQ%2BlwxhCfc3feX7R8SpVAnee7j1uKkjiz0CMNGPWIigRXoeYE6yO09KszCLARKwIFh1gbWjE7lWXbMKmF%2B4W58%2B1Vx3DqFJUdS2sBdtSYR2xJt1KRcy8tm4sVMTl%2Bh0irQdVCCRyGFJtXIv14zVVUnjF%2BLFGDPy%2Biznp%2Bx5JJ%2Bw%2FbYaZo0tYBnjRtWeQyOFpXS2UhX3u4WEd7zC%2FA%3D%3D","environmentVariables":{"FIREBASE_CONFIG":"{\"projectId\":\"portal-discountmd\",\"storageBucket\":\"portal-discountmd.appspot.com\",\"locationId\":\"europe-west\"}","GCLOUD_PROJECT":"portal-discountmd","EVENTARC_CLOUD_EVENT_SOURCE":"projects/portal-discountmd/locations/us-central1/functions/sendConfirmationEmails"},"runtime":"nodejs18","buildEnvironmentVariables":{"GOOGLE_NODE_RUN_SCRIPTS":""},"dockerRegistry":"ARTIFACT_REGISTRY"},"versionId":"1","updateTime":"2024-05-10T13:07:44Z","buildId":"568959ff-b081-4f8f-beeb-84176bea01d6","sourceToken":"b7deade7-0589-42ae-9a5f-325ee7979465","buildName":"projects/1006391583660/locations/us-central1/builds/568959ff-b081-4f8f-beeb-84176bea01d6"},"done":true,"error":{"code":3,"message":"Error creating trigger: The request was invalid: generic::invalid_argument: Document path is invalid. Provided: Users/{userId}/OferteÎnregistrate/{offerId}"}}
[debug] [2024-05-10T13:07:48.705Z] Got source token b7deade7-0589-42ae-9a5f-325ee7979465 for region us-central1
[error] Error creating trigger: The request was invalid: generic::invalid_argument: Document path is invalid. Provided: Users/{userId}/OferteÎnregistrate/{offerId}
[debug] [2024-05-10T13:07:48.709Z] Total Function Deployment time: 100512
[debug] [2024-05-10T13:07:48.709Z] 1 Functions Deployed
[debug] [2024-05-10T13:07:48.709Z] 1 Functions Errored
[debug] [2024-05-10T13:07:48.709Z] 0 Function Deployments Aborted
[debug] [2024-05-10T13:07:48.710Z] Average Function Deployment time: 100509
[info] 
[info] Functions deploy had errors with the following functions:
	sendConfirmationEmails(us-central1)
[info] i  functions: cleaning up build files... 
[debug] [2024-05-10T13:07:48.717Z] >>> [apiv2][query] DELETE https://artifactregistry.googleapis.com/v1beta2/projects/portal-discountmd/locations/us-central1/repositories/gcf-artifacts/packages/send_confirmation_emails [none]
[debug] [2024-05-10T13:07:48.719Z] >>> [apiv2][query] GET https://us.gcr.io/v2/portal-discountmd/gcf/us-central1/tags/list [none]
[debug] [2024-05-10T13:07:49.575Z] <<< [apiv2][status] DELETE https://artifactregistry.googleapis.com/v1beta2/projects/portal-discountmd/locations/us-central1/repositories/gcf-artifacts/packages/send_confirmation_emails 200
[debug] [2024-05-10T13:07:49.576Z] <<< [apiv2][body] DELETE https://artifactregistry.googleapis.com/v1beta2/projects/portal-discountmd/locations/us-central1/repositories/gcf-artifacts/packages/send_confirmation_emails {"name":"projects/portal-discountmd/locations/us-central1/operations/24b320b5-da36-4550-80a2-98d28b565ce2","metadata":{"@type":"type.googleapis.com/google.devtools.artifactregistry.v1beta2.OperationMetadata"}}
[debug] [2024-05-10T13:07:49.576Z] >>> [apiv2][query] GET https://artifactregistry.googleapis.com/v1beta2/projects/portal-discountmd/locations/us-central1/operations/24b320b5-da36-4550-80a2-98d28b565ce2 [none]
[debug] [2024-05-10T13:07:49.885Z] <<< [apiv2][status] GET https://us.gcr.io/v2/portal-discountmd/gcf/us-central1/tags/list 404
[debug] [2024-05-10T13:07:49.886Z] <<< [apiv2][body] GET https://us.gcr.io/v2/portal-discountmd/gcf/us-central1/tags/list {"errors":[{"code":"NAME_UNKNOWN","message":"Repository \"us.gcr.io\" not found"}]}
[debug] [2024-05-10T13:07:49.887Z] Failed docker command with error  HTTP Error: 404, Not Found {"name":"FirebaseError","children":[],"context":{"body":{"errors":[{"code":"NAME_UNKNOWN","message":"Repository \"us.gcr.io\" not found"}],"error":{"message":"Not Found"}},"response":{"statusCode":404}},"exit":1,"message":"HTTP Error: 404, Not Found","status":404}
[debug] [2024-05-10T13:07:49.888Z] >>> [apiv2][query] GET https://us.gcr.io/v2/portal-discountmd/gcf/us-central1/tags/list [none]
[debug] [2024-05-10T13:07:50.203Z] <<< [apiv2][status] GET https://us.gcr.io/v2/portal-discountmd/gcf/us-central1/tags/list 404
[debug] [2024-05-10T13:07:50.203Z] <<< [apiv2][body] GET https://us.gcr.io/v2/portal-discountmd/gcf/us-central1/tags/list {"errors":[{"code":"NAME_UNKNOWN","message":"Repository \"us.gcr.io\" not found"}]}
[debug] [2024-05-10T13:07:50.203Z] Failed docker command with error  HTTP Error: 404, Not Found {"name":"FirebaseError","children":[],"context":{"body":{"errors":[{"code":"NAME_UNKNOWN","message":"Repository \"us.gcr.io\" not found"}],"error":{"message":"Not Found"}},"response":{"statusCode":404}},"exit":1,"message":"HTTP Error: 404, Not Found","status":404}
[debug] [2024-05-10T13:07:50.319Z] >>> [apiv2][query] GET https://us.gcr.io/v2/portal-discountmd/gcf/us-central1/tags/list [none]
[debug] [2024-05-10T13:07:50.475Z] <<< [apiv2][status] GET https://artifactregistry.googleapis.com/v1beta2/projects/portal-discountmd/locations/us-central1/operations/24b320b5-da36-4550-80a2-98d28b565ce2 200
[debug] [2024-05-10T13:07:50.475Z] <<< [apiv2][body] GET https://artifactregistry.googleapis.com/v1beta2/projects/portal-discountmd/locations/us-central1/operations/24b320b5-da36-4550-80a2-98d28b565ce2 {"name":"projects/portal-discountmd/locations/us-central1/operations/24b320b5-da36-4550-80a2-98d28b565ce2","metadata":{"@type":"type.googleapis.com/google.devtools.artifactregistry.v1beta2.OperationMetadata"},"done":true,"response":{"@type":"type.googleapis.com/google.protobuf.Empty"}}
[debug] [2024-05-10T13:07:50.677Z] <<< [apiv2][status] GET https://us.gcr.io/v2/portal-discountmd/gcf/us-central1/tags/list 404
[debug] [2024-05-10T13:07:50.678Z] <<< [apiv2][body] GET https://us.gcr.io/v2/portal-discountmd/gcf/us-central1/tags/list {"errors":[{"code":"NAME_UNKNOWN","message":"Repository \"us.gcr.io\" not found"}]}
[debug] [2024-05-10T13:07:50.678Z] Failed docker command with error  HTTP Error: 404, Not Found {"name":"FirebaseError","children":[],"context":{"body":{"errors":[{"code":"NAME_UNKNOWN","message":"Repository \"us.gcr.io\" not found"}],"error":{"message":"Not Found"}},"response":{"statusCode":404}},"exit":1,"message":"HTTP Error: 404, Not Found","status":404}
[warn] !  functions: Unhandled error cleaning up build images. This could result in a small monthly bill if not corrected. You can attempt to delete these images by redeploying or you can delete them manually at https://console.cloud.google.com/gcr/images/portal-discountmd/us/gcf 
[debug] [2024-05-10T13:07:50.679Z] Functions deploy failed.
[debug] [2024-05-10T13:07:50.679Z] {
  "endpoint": {
    "id": "sendConfirmationEmails",
    "project": "portal-discountmd",
    "region": "us-central1",
    "entryPoint": "sendConfirmationEmails",
    "platform": "gcfv1",
    "runtime": "nodejs18",
    "eventTrigger": {
      "eventType": "providers/cloud.firestore/eventTypes/document.update",
      "retry": false,
      "eventFilters": {
        "resource": "projects/portal-discountmd/databases/(default)/documents/Users/{userId}/OferteÎnregistrate/{offerId}"
      }
    },
    "labels": {
      "deployment-tool": "cli-firebase"
    },
    "ingressSettings": null,
    "availableMemoryMb": null,
    "serviceAccount": null,
    "timeoutSeconds": null,
    "maxInstances": null,
    "minInstances": null,
    "vpc": null,
    "environmentVariables": {
      "FIREBASE_CONFIG": "{\"projectId\":\"portal-discountmd\",\"storageBucket\":\"portal-discountmd.appspot.com\",\"locationId\":\"europe-west\"}",
      "GCLOUD_PROJECT": "portal-discountmd",
      "EVENTARC_CLOUD_EVENT_SOURCE": "projects/portal-discountmd/locations/us-central1/functions/sendConfirmationEmails"
    },
    "codebase": "default",
    "targetedByOnly": true,
    "hash": "3b648d1e85f5c7bc226c9cb8eccb7329c27b80e5"
  },
  "op": "create",
  "original": {
    "name": "FirebaseError",
    "children": [],
    "exit": 1,
    "message": "Error creating trigger: The request was invalid: generic::invalid_argument: Document path is invalid. Provided: Users/{userId}/OferteÎnregistrate/{offerId}",
    "status": 3,
    "code": 3
  }
}
[debug] [2024-05-10T13:07:50.682Z] Error: Failed to create function sendConfirmationEmails in region us-central1
    at C:\Users\Radu.Popescu\AppData\Roaming\npm\node_modules\firebase-tools\lib\deploy\functions\release\fabricator.js:51:11
    at process.processTicksAndRejections (node:internal/process/task_queues:95:5)
    at async Fabricator.createV1Function (C:\Users\Radu.Popescu\AppData\Roaming\npm\node_modules\firebase-tools\lib\deploy\functions\release\fabricator.js:181:32)
    at async Fabricator.createEndpoint (C:\Users\Radu.Popescu\AppData\Roaming\npm\node_modules\firebase-tools\lib\deploy\functions\release\fabricator.js:133:13)
    at async handle (C:\Users\Radu.Popescu\AppData\Roaming\npm\node_modules\firebase-tools\lib\deploy\functions\release\fabricator.js:88:17)
[error] 
[error] Error: There was an error deploying functions
